---
layout: default
title: 'Zephir build Errors - Discussion'
---

    <div class="container">
        {% include warning.html %}


<div itemscope itemtype="https://schema.org/Question"><ol class="breadcrumb">
    <li><a href="/">Home</a></li>
    <li><a href="/category/12/developer-tools">Developer Tools</a></li>
</ol>
<div class="row table-title">
    <div class="col-lg-8 col-md-7 col-sm-6 col-xs-12 wrapper-author">
        <h1 class="" itemprop="name">Zephir build Errors</h1>
        <div class="visible-xs-block mobile-author">
            <span itemprop="author" itemscope itemtype="https://schema.org/Person"><a href="/user/13149/nurahlive" class="user-moderator-N"><span itemprop="name">HARUN ULUDAĞ</span></a></span>
            <time itemprop="dateCreated" datetime="2019-12-08T15:48:01-07:00">Dec '19</time>
        </div>
    </div>
    <div class="col-lg-4 col-md-5 col-sm-6 hidden-xs text-right wrapper-stats">
        <table class="table-stats" width="100%">
            <tr style="vertical-align: top;">
                <td>
                    <label>Created</label><br>
                    <time itemprop="dateCreated" datetime="2019-12-08T15:48:01-07:00">Dec '19</time>
                </td>
                <td>
                    <label>Last Reply</label><br>None</td>
                <td>
                    <label>Replies</label><br>
                    <span itemprop="answerCount">0</span>
                </td>
                <td>
                    <label>Views</label><br>167</td>
                <td>
                    <label>Votes</label><br>
                    <span itemprop="upvoteCount">0</span>
                </td>
            </tr>
        </table>
    </div>
</div>
<div class="discussion">
        <div class="row reply-block">
            <div class="col-md-1 col-sm-1 hidden-xs text-center">
                <img src="https://secure.gravatar.com/avatar/4adaaad4e56cbfd596de9e142424307b?s=48&amp;r=pg&amp;d=identicon" class="img-rounded avatar" /><br>
                <span itemprop="author" itemscope itemtype="https://schema.org/Person" class="avatar-name"><a href="/user/13149/nurahlive" class="user-moderator-N"><span itemprop="name">HARUN ULUDAĞ</span></a></span>
                <span class="karma">232</span>
            </div>
            <div class="col-md-11 col-sm-11 col-xs-12 post-body"><div class="posts-date hidden-xs" align="right">
        <a name="C20169" href="#C20169">
        <time class="action-date">Dec '19</time>
    </a>
</div>
<div class="post-content"><div><p><strong>when    command    zephir  build<br />
</strong></p>
<pre><code>zephir build
 Compiling...
In file included from ./kernel/main.h:53:0,
                 from kernel/concat.h:6:
./kernel/exception.h:59:89: error: expected ‘;’, ‘,’ or ‘)’ before ‘message_len’
 void zephir_throw_exception_string(zend_class_entry *ce, const char *message, zend_uint message_len);
                                                                                         ^~~~~~~~~~~
./kernel/exception.h:60:77: error: expected ‘;’, ‘,’ or ‘)’ before ‘line’
 void zephir_throw_exception_debug(zval *object, const char *file, zend_uint line);
                                                                             ^~~~
./kernel/exception.h:62:95: error: expected ‘;’, ‘,’ or ‘)’ before ‘message_len’
 void zephir_throw_exception_string_debug(zend_class_entry *ce, const char *message, zend_uint message_len, const char *file, zend_uint line);
                                                                                               ^~~~~~~~~~~
kernel/concat.h:23:64: error: expected ‘;’, ‘,’ or ‘)’ before ‘op1_len’
 void zephir_concat_sv(zval *result, const char *op1, zend_uint op1_len, zval *op2, int self_var);
                                                                ^~~~~~~
kernel/concat.h:24:75: error: expected ‘;’, ‘,’ or ‘)’ before ‘op2_len’
 void zephir_concat_vs(zval *result, zval *op1, const char *op2, zend_uint op2_len, int self_var);
                                                                           ^~~~~~~
In file included from ./kernel/main.h:53:0,
                 from kernel/fcall.h:16:
./kernel/exception.h:59:89: error: expected ‘;’, ‘,’ or ‘)’ before ‘message_len’
 void zephir_throw_exception_string(zend_class_entry *ce, const char *message, zend_uint message_len);
                                                                                         ^~~~~~~~~~~
./kernel/exception.h:60:77: error: expected ‘;’, ‘,’ or ‘)’ before ‘line’
 void zephir_throw_exception_debug(zval *object, const char *file, zend_uint line);
                                                                             ^~~~
./kernel/exception.h:62:95: error: expected ‘;’, ‘,’ or ‘)’ before ‘message_len’
 void zephir_throw_exception_string_debug(zend_class_entry *ce, const char *message, zend_uint message_len, const char *file, zend_uint line);
                                                                                               ^~~~~~~~~~~
In file included from kernel/main.h:53:0:
./kernel/exception.h:59:89: error: expected ‘;’, ‘,’ or ‘)’ before ‘message_len’
 void zephir_throw_exception_string(zend_class_entry *ce, const char *message, zend_uint message_len);
                                                                                         ^~~~~~~~~~~
./kernel/exception.h:60:77: error: expected ‘;’, ‘,’ or ‘)’ before ‘line’
 void zephir_throw_exception_debug(zval *object, const char *file, zend_uint line);
                                                                             ^~~~
./kernel/exception.h:62:95: error: expected ‘;’, ‘,’ or ‘)’ before ‘message_len’
 void zephir_throw_exception_string_debug(zend_class_entry *ce, const char *message, zend_uint message_len, const char *file, zend_uint line);
                                                                                               ^~~~~~~~~~~
In file included from ./kernel/main.h:53:0,
                 from kernel/object.h:19:
./kernel/exception.h:59:89: error: expected ‘;’, ‘,’ or ‘)’ before ‘message_len’
 void zephir_throw_exception_string(zend_class_entry *ce, const char *message, zend_uint message_len);
                                                                                         ^~~~~~~~~~~
./kernel/exception.h:60:77: error: expected ‘;’, ‘,’ or ‘)’ before ‘line’
 void zephir_throw_exception_debug(zval *object, const char *file, zend_uint line);
                                                                             ^~~~
./kernel/exception.h:62:95: error: expected ‘;’, ‘,’ or ‘)’ before ‘message_len’
 void zephir_throw_exception_string_debug(zend_class_entry *ce, const char *message, zend_uint message_len, const char *file, zend_uint line);
                                                                                               ^~~~~~~~~~~
kernel/object.h:45:91: error: expected ‘;’, ‘,’ or ‘)’ before ‘property_length’
 int zephir_read_property(zval *result, zval *object, const char *property_name, zend_uint property_length, int silent);
                                                                                           ^~~~~~~~~~~~~~~
kernel/object.h:48:92: error: expected ‘;’, ‘,’ or ‘)’ before ‘property_length’
 int zephir_fetch_property(zval *result, zval *object, const char *property_name, zend_uint property_length, int silent);
                                                                                            ^~~~~~~~~~~~~~~
kernel/object.h:56:80: error: expected ‘;’, ‘,’ or ‘)’ before ‘property_length’
 int zephir_update_property_array(zval *object, const char *property, zend_uint property_length, const zval *index, zval *value);
                                                                                ^~~~~~~~~~~~~~~
kernel/object.h:59:86: error: expected ‘;’, ‘,’ or ‘)’ before ‘property_length’
 int zephir_update_property_array_multi(zval *object, const char *property, zend_uint property_length, zval *value, const char *types, int types_length, int types_count, ...);
                                                                                      ^~~~~~~~~~~~~~~
kernel/object.h:68:104: error: expected ‘;’, ‘,’ or ‘)’ before ‘property_length’
 int zephir_update_static_property_array_multi_ce(zend_class_entry *ce, const char *property, zend_uint property_length, zval *value, const char *types, int types_length, int types_count, ...);
                                                                                                        ^~~~~~~~~~~~~~~
kernel/object.h:71:123: error: expected ‘;’, ‘,’ or ‘)’ before ‘method_length’
 losure_ex(zval *return_value, zval *this_ptr, zend_class_entry *ce, const char *method_name, zend_uint method_length);
                                                                                                        ^~~~~~~~~~~~~
In file included from ./kernel/main.h:53:0,
                 from kernel/operators.h:26:
./kernel/exception.h:59:89: error: expected ‘;’, ‘,’ or ‘)’ before ‘message_len’
 void zephir_throw_exception_string(zend_class_entry *ce, const char *message, zend_uint message_len);
                                                                                         ^~~~~~~~~~~
./kernel/exception.h:60:77: error: expected ‘;’, ‘,’ or ‘)’ before ‘line’
 void zephir_throw_exception_debug(zval *object, const char *file, zend_uint line);
                                                                             ^~~~
./kernel/exception.h:62:95: error: expected ‘;’, ‘,’ or ‘)’ before ‘message_len’
 void zephir_throw_exception_string_debug(zend_class_entry *ce, const char *message, zend_uint message_len, const char *file, zend_uint line);
                                                                                               ^~~~~~~~~~~
kernel/operators.h:106:53: error: expected ‘;’, ‘,’ or ‘)’ before ‘type’
 void zephir_cast(zval *result, zval *var, zend_uint type);
                                                     ^~~~
kernel/exception.h:59:89: error: expected ‘;’, ‘,’ or ‘)’ before ‘message_len’
 void zephir_throw_exception_string(zend_class_entry *ce, const char *message, zend_uint message_len);
                                                                                         ^~~~~~~~~~~
kernel/exception.h:60:77: error: expected ‘;’, ‘,’ or ‘)’ before ‘line’
 void zephir_throw_exception_debug(zval *object, const char *file, zend_uint line);
                                                                             ^~~~
kernel/exception.h:62:95: error: expected ‘;’, ‘,’ or ‘)’ before ‘message_len’
 void zephir_throw_exception_string_debug(zend_class_entry *ce, const char *message, zend_uint message_len, const char *file, zend_uint line);
                                                                                               ^~~~~~~~~~~
In file included from ./kernel/main.h:53:0,
                 from kernel/array.h:19:
./kernel/exception.h:59:89: error: expected ‘;’, ‘,’ or ‘)’ before ‘message_len’
 void zephir_throw_exception_string(zend_class_entry *ce, const char *message, zend_uint message_len);
                                                                                         ^~~~~~~~~~~
./kernel/exception.h:60:77: error: expected ‘;’, ‘,’ or ‘)’ before ‘line’
 void zephir_throw_exception_debug(zval *object, const char *file, zend_uint line);
                                                                             ^~~~
./kernel/exception.h:62:95: error: expected ‘;’, ‘,’ or ‘)’ before ‘message_len’
 void zephir_throw_exception_string_debug(zend_class_entry *ce, const char *message, zend_uint message_len, const char *file, zend_uint line);
                                                                                               ^~~~~~~~~~~
kernel/array.h:21:72: error: expected ‘;’, ‘,’ or ‘)’ before ‘size’
 void ZEPHIR_FASTCALL zephir_create_array(zval *return_value, zend_uint size, int initialize);
                                                                        ^~~~
kernel/array.h:31:92: error: expected ‘;’, ‘,’ or ‘)’ before ‘index_length’
 int zephir_array_isset_string_fetch(zval *fetched, const zval *arr, char *index, zend_uint index_length, int readonly);
                                                                                            ^~~~~~~~~~~~
kernel/array.h:37:93: error: expected ‘;’, ‘,’ or ‘)’ before ‘index_length’
 int ZEPHIR_FASTCALL zephir_array_isset_string(const zval *arr, const char *index, zend_uint index_length);
                                                                                             ^~~~~~~~~~~~
kernel/array.h:42:87: error: expected ‘;’, ‘,’ or ‘)’ before ‘index_length’
 int ZEPHIR_FASTCALL zephir_array_unset_string(zval *arr, const char *index, zend_uint index_length, int flags);
                                                                                       ^~~~~~~~~~~~
kernel/array.h:46:91: error: expected ‘;’, ‘,’ or ‘)’ before ‘index_length’
 int zephir_array_fetch_string(zval *return_value, zval *arr, const char *index, zend_uint index_length, int flags ZEPHIR_DEBUG_PARAMS);
                                                                                           ^~~~~~~~~~~~
kernel/array.h:55:72: error: expected ‘;’, ‘,’ or ‘)’ before ‘index_length’
 int zephir_array_update_string(zval *arr, const char *index, zend_uint index_length, zval *value, int flags);
                                                                        ^~~~~~~~~~~~
In file included from ./kernel/main.h:53:0,
                 from kernel/string.h:18:
./kernel/exception.h:59:89: error: expected ‘;’, ‘,’ or ‘)’ before ‘message_len’
 void zephir_throw_exception_string(zend_class_entry *ce, const char *message, zend_uint message_len);
                                                                                         ^~~~~~~~~~~
./kernel/exception.h:60:77: error: expected ‘;’, ‘,’ or ‘)’ before ‘line’
 void zephir_throw_exception_debug(zval *object, const char *file, zend_uint line);
                                                                             ^~~~
./kernel/exception.h:62:95: error: expected ‘;’, ‘,’ or ‘)’ before ‘message_len’
 void zephir_throw_exception_string_debug(zend_class_entry *ce, const char *message, zend_uint message_len, const char *file, zend_uint line);
                                                                                               ^~~~~~~~~~~
 Installing...</code></pre>
<p>[ERROR] Internal extension compilation failed. Check compile-errors.log for more information.                     </p></div>                </div>

                <div class="posts-buttons text-right"><a href="#"  class="btn btn-danger btn-xs" data-cf-modified-8bcae0a665297a7d0334dd7f-="">
        <span class="glyphicon glyphicon-thumbs-down"></span></a>
    <a href="#"  class="btn btn-success btn-xs" data-cf-modified-8bcae0a665297a7d0334dd7f-="">
        <span class="glyphicon glyphicon-thumbs-up"></span></a></div>
            </div>
        </div><div class="row"><div class="col-md-1 small" align="center"></div>
        <div class="col-md-11 login-comment">
            
        </div></div>
</div><input type="hidden" id="post-id" name="post-id" value="20169" /><div id="suggested-posts"></div>
    <div id="sticky-progress" style='display:none'></div>
</div>
    </div>