---
layout: default
title: '1.3.0 install problem - Discussion'
---

    <div class="container">
        {% include warning.html %}


<div itemscope itemtype="http://schema.org/Question"><ol class="breadcrumb">
    <li><a href="/">Home</a></li>
    <li><a href="/category/6/installation">Installation</a></li>
</ol>
<div class="row table-title">
    <div class="col-lg-8 col-md-7 col-sm-6 col-xs-12 wrapper-author">
        <h1 class="" itemprop="name">1.3.0 install problem</h1>
        <div class="visible-xs-block mobile-author">
            <span itemprop="author" itemscope itemtype="http://schema.org/Person"><a href="/user/949/t35h" class="user-moderator-N"><span itemprop="name">Tesh</span></a></span>
            <time itemprop="dateCreated" datetime="2014-01-17T19:50:34-07:00">Jan '14</time>
        </div>
    </div>
    <div class="col-lg-4 col-md-5 col-sm-6 hidden-xs text-right wrapper-stats">
        <table class="table-stats" width="100%">
            <tr style="vertical-align: top;">
                <td>
                    <label>Created</label><br>
                    <time itemprop="dateCreated" datetime="2014-01-17T19:50:34-07:00">Jan '14</time>
                </td>
                <td>
                    <label>Last Reply</label><br>None</td>
                <td>
                    <label>Replies</label><br>
                    <span itemprop="answerCount">0</span>
                </td>
                <td>
                    <label>Views</label><br>753</td>
                <td>
                    <label>Votes</label><br>
                    <span itemprop="upvoteCount">0</span>
                </td>
            </tr>
        </table>
    </div>
</div>
<div class="discussion">
        <div class="row reply-block">
            <div class="col-md-1 col-sm-1 hidden-xs text-center">
                <img src="https://secure.gravatar.com/avatar/9ab53c6414faf02dd02541313f7ca4ff?s=48&amp;r=pg&amp;d=identicon" class="img-rounded avatar" /><br>
                <span itemprop="author" itemscope itemtype="http://schema.org/Person" class="avatar-name"><a href="/user/949/t35h" class="user-moderator-N"><span itemprop="name">Tesh</span></a></span>
                <span class="karma">3.1k</span>
            </div>
            <div class="col-md-11 col-sm-11 col-xs-12 post-body"><div class="posts-date hidden-xs" align="right">
        <a name="C1460" href="#C1460">
        <time class="action-date">Jan '14</time>
    </a>
</div>
<div class="post-content"><div><p><a href="/cdn-cgi/l/email-protection" class="__cf_email__" data-cfemail="2e584f495c4f405a6e5e5c4b4d475d4b181a">[email&#160;protected]</a>:~/cphalcon/build$ sudo ./install
find . -name *.gcno -o -name *.gcda | xargs rm -f
find . -name *.lo -o -name *.o | xargs rm -f
find . -name *.la -o -name *.a | xargs rm -f
find . -name *.so | xargs rm -f
find . -name .libs -a -type d|xargs rm -rf
rm -f libphp.la       modules/<em> libs/</em>
Cleaning..
Configuring for:
PHP Api Version:         20121113
Zend Module Api No:      20121212
Zend Extension Api No:   220121212
checking for grep that handles long lines and -e... /bin/grep
checking for egrep... /bin/grep -E
checking for a sed that does not truncate output... /bin/sed
checking whether the C compiler works... yes
checking for C compiler default output file name... a.out
checking for suffix of executables...
checking whether we are cross compiling... no
checking for suffix of object files... o
checking whether we are using the GNU C compiler... yes
checking whether gcc accepts -g... yes
checking for gcc option to accept ISO C89... none needed
checking how to run the C preprocessor... gcc -E
checking for icc... no
checking for suncc... no
checking whether gcc and cc understand -c and -o together... yes
checking for system library directory... lib
checking if compiler supports -R... no
checking if compiler supports -Wl,-rpath,... yes
checking build system type... x86_64-unknown-linux-gnu
checking host system type... x86_64-unknown-linux-gnu
checking target system type... x86_64-unknown-linux-gnu
checking for PHP prefix... /usr
checking for PHP includes... -I/usr/include/php5 -I/usr/include/php5/main -I/usr/include/php5/TSRM -I/usr/include/php5/Zend -I/usr/include/php5/ext -I/usr/include/php5/ext/date/lib
checking for PHP extension directory... /usr/lib/php5/20121212
checking for PHP installed headers prefix... /usr/include/php5
checking if debug is enabled... no
checking if zts is enabled... no
checking for re2c... no
configure: WARNING: You will need re2c 0.13.4 or later if you want to regenerate PHP parsers.
checking for gawk... no
checking for nawk... nawk
checking if nawk is broken... no
checking whether to enable phalcon framework... yes, shared
checking whether byte ordering is bigendian... no
checking for ext/igbinary/igbinary.h... no
checking whether HAVE_BUNDLED_PCRE is declared... no
checking whether HAVE_JSON is declared... no
checking whether HAVE_PHP_SESSION is declared... yes
checking for ext/session/php_session.h... yes
checking whether HAVE_HASH_EXT is declared... yes
checking for ext/hash/php_hash.h... yes
checking whether to include code coverage symbols... no
checking how to print strings... printf
checking for a sed that does not truncate output... (cached) /bin/sed
checking for fgrep... /bin/grep -F
checking for ld used by gcc... /usr/bin/ld
checking if the linker (/usr/bin/ld) is GNU ld... yes
checking for BSD- or MS-compatible name lister (nm)... /usr/bin/nm -B
checking the name lister (/usr/bin/nm -B) interface... BSD nm
checking whether ln -s works... yes
checking the maximum length of command line arguments... 1572864
checking whether the shell understands some XSI constructs... yes
checking whether the shell understands &quot;+=&quot;... yes
checking how to convert x86_64-unknown-linux-gnu file names to x86_64-unknown-linux-gnu format... func_convert_file_noop
checking how to convert x86_64-unknown-linux-gnu file names to toolchain format... func_convert_file_noop
checking for /usr/bin/ld option to reload object files... -r
checking for objdump... objdump
checking how to recognize dependent libraries... pass_all
checking for dlltool... no
checking how to associate runtime and link libraries... printf %s\n
checking for ar... ar
checking for archiver<a href="https://forum.phalcon.io/user/0/FILE"> @FILE</a> support... @
checking for strip... strip
checking for ranlib... ranlib
checking for gawk... (cached) nawk
checking command to parse /usr/bin/nm -B output from gcc object... ok
checking for sysroot... no
checking for mt... mt
checking if mt is a manifest tool... no
checking for ANSI C header files... yes
checking for sys/types.h... yes
checking for sys/stat.h... yes
checking for stdlib.h... yes
checking for string.h... yes
checking for memory.h... yes
checking for strings.h... yes
checking for inttypes.h... yes
checking for stdint.h... yes
checking for unistd.h... yes
checking for dlfcn.h... yes
checking for objdir... .libs
checking if gcc supports -fno-rtti -fno-exceptions... no
checking for gcc option to produce PIC... -fPIC -DPIC
checking if gcc PIC flag -fPIC -DPIC works... yes
checking if gcc static flag -static works... yes
checking if gcc supports -c -o file.o... yes
checking if gcc supports -c -o file.o... (cached) yes
checking whether the gcc linker (/usr/bin/ld -m elf_x86_64) supports shared libraries... yes
checking whether -lc should be explicitly linked in... no
checking dynamic linker characteristics... GNU/Linux ld.so
checking how to hardcode library paths into programs... immediate
checking whether stripping libraries is possible... yes
checking if libtool supports shared libraries... yes
checking whether to build shared libraries... yes
checking whether to build static libraries... no
configure: creating ./config.status
config.status: creating config.h
config.status: executing libtool commands
/bin/bash /home/vagrant/cphalcon/build/64bits/libtool --mode=compile gcc  -I. -I/home/vagrant/cphalcon/build/64bits -DPHP_ATOM_INC -I/home/vagrant/cphalcon/build/64bits/include -I/home/vagrant/cphalcon/build/64bits/main -I/home/vagrant/cphalcon/build/64bits -I/usr/include/php5 -I/usr/include/php5/main -I/usr/include/php5/TSRM -I/usr/include/php5/Zend -I/usr/include/php5/ext -I/usr/include/php5/ext/date/lib  -DPHALCON_RELEASE -DHAVE_CONFIG_H  -march=native -mtune=native -O2 -fno-delete-null-pointer-checks -finline-functions -fomit-frame-pointer -fno-builtin-memcmp -fvisibility=hidden   -c /home/vagrant/cphalcon/build/64bits/phalcon.c -o phalcon.lo
libtool: compile:  gcc -I. -I/home/vagrant/cphalcon/build/64bits -DPHP_ATOM_INC -I/home/vagrant/cphalcon/build/64bits/include -I/home/vagrant/cphalcon/build/64bits/main -I/home/vagrant/cphalcon/build/64bits -I/usr/include/php5 -I/usr/include/php5/main -I/usr/include/php5/TSRM -I/usr/include/php5/Zend -I/usr/include/php5/ext -I/usr/include/php5/ext/date/lib -DPHALCON_RELEASE -DHAVE_CONFIG_H -march=native -mtune=native -O2 -fno-delete-null-pointer-checks -finline-functions -fomit-frame-pointer -fno-builtin-memcmp -fvisibility=hidden -c /home/vagrant/cphalcon/build/64bits/phalcon.c  -fPIC -DPIC -o .libs/phalcon.o
/home/vagrant/cphalcon/build/64bits/phalcon.c:7781:12: error: conflicting types for 'phalcon_preg_match'
/home/vagrant/cphalcon/build/64bits/phalcon.c:2341:12: note: previous declaration of 'phalcon_preg_match' was here
/home/vagrant/cphalcon/build/64bits/phalcon.c: In function 'phalcon_json_encode':
/home/vagrant/cphalcon/build/64bits/phalcon.c:7845:12: error: incompatible types when assigning to type 'zval' from type 'struct zval <em>'
/home/vagrant/cphalcon/build/64bits/phalcon.c:7846:12: error: incompatible types when assigning to type 'zval' from type 'struct zval </em>'
/home/vagrant/cphalcon/build/64bits/phalcon.c:7847:2: warning: passing argument 6 of 'phalcon_return_call_function' from incompatible pointer type [enabled by default]
/home/vagrant/cphalcon/build/64bits/phalcon.c:1870:51: note: expected 'struct zval <strong>' but argument is of type 'struct zval *'
/home/vagrant/cphalcon/build/64bits/phalcon.c: In function 'phalcon_json_decode':
/home/vagrant/cphalcon/build/64bits/phalcon.c:7856:2: warning: initialization makes integer from pointer without a cast [enabled by default]
/home/vagrant/cphalcon/build/64bits/phalcon.c:7856:2: warning: (near initialization for 'params[0].value.lval') [enabled by default]
/home/vagrant/cphalcon/build/64bits/phalcon.c:7856:2: warning: initialization makes integer from pointer without a cast [enabled by default]
/home/vagrant/cphalcon/build/64bits/phalcon.c:7856:2: warning: (near initialization for 'params[0].refcount__gc') [enabled by default]
/home/vagrant/cphalcon/build/64bits/phalcon.c:7858:2: warning: passing argument 6 of 'phalcon_return_call_function' from incompatible pointer type [enabled by default]
/home/vagrant/cphalcon/build/64bits/phalcon.c:1870:51: note: expected 'struct zval *<em>' but argument is of type 'struct zval </em>'
/home/vagrant/cphalcon/build/64bits/phalcon.c: In function 'zim_Phalcon_Debug_showTraceItem':
/home/vagrant/cphalcon/build/64bits/phalcon.c:15115:3: warning: passing argument 2 of 'phalcon_preg_match' from incompatible pointer type [enabled by default]
/home/vagrant/cphalcon/build/64bits/phalcon.c:7781:12: note: expected 'struct zval </strong>' but argument is of type 'struct zval *'
/home/vagrant/cphalcon/build/64bits/phalcon.c:15115:3: error: too few arguments to function 'phalcon_preg_match'
/home/vagrant/cphalcon/build/64bits/phalcon.c:7781:12: note: declared here
/home/vagrant/cphalcon/build/64bits/phalcon.c:15308:7: warning: passing argument 2 of 'phalcon_preg_match' from incompatible pointer type [enabled by default]
/home/vagrant/cphalcon/build/64bits/phalcon.c:7781:12: note: expected 'struct zval <strong>' but argument is of type 'struct zval *'
/home/vagrant/cphalcon/build/64bits/phalcon.c:15308:7: error: too few arguments to function 'phalcon_preg_match'
/home/vagrant/cphalcon/build/64bits/phalcon.c:7781:12: note: declared here
/home/vagrant/cphalcon/build/64bits/phalcon.c: In function 'zim_Phalcon_Db_Result_Pdo_numRows':
/home/vagrant/cphalcon/build/64bits/phalcon.c:30239:5: warning: passing argument 2 of 'phalcon_preg_match' from incompatible pointer type [enabled by default]
/home/vagrant/cphalcon/build/64bits/phalcon.c:7781:12: note: expected 'struct zval *<em>' but argument is of type 'struct zval </em>'
/home/vagrant/cphalcon/build/64bits/phalcon.c:30239:5: error: too few arguments to function 'phalcon_preg_match'
/home/vagrant/cphalcon/build/64bits/phalcon.c:7781:12: note: declared here
/home/vagrant/cphalcon/build/64bits/phalcon.c: In function 'zim_Phalcon_Db_Adapter_Pdo_Mysql_describeColumns':
/home/vagrant/cphalcon/build/64bits/phalcon.c:34234:4: warning: passing argument 2 of 'phalcon_preg_match' from incompatible pointer type [enabled by default]
/home/vagrant/cphalcon/build/64bits/phalcon.c:7781:12: note: expected 'struct zval </strong>' but argument is of type 'struct zval *'
/home/vagrant/cphalcon/build/64bits/phalcon.c:34234:4: error: too few arguments to function 'phalcon_preg_match'
/home/vagrant/cphalcon/build/64bits/phalcon.c:7781:12: note: declared here
/home/vagrant/cphalcon/build/64bits/phalcon.c: In function 'zim_Phalcon_Db_Adapter_Pdo_Sqlite_describeColumns':
/home/vagrant/cphalcon/build/64bits/phalcon.c:35081:4: warning: passing argument 2 of 'phalcon_preg_match' from incompatible pointer type [enabled by default]
/home/vagrant/cphalcon/build/64bits/phalcon.c:7781:12: note: expected 'struct zval <strong>' but argument is of type 'struct zval *'
/home/vagrant/cphalcon/build/64bits/phalcon.c:35081:4: error: too few arguments to function 'phalcon_preg_match'
/home/vagrant/cphalcon/build/64bits/phalcon.c:7781:12: note: declared here
/home/vagrant/cphalcon/build/64bits/phalcon.c: In function 'zim_Phalcon_Validation_Validator_Regex_validate':
/home/vagrant/cphalcon/build/64bits/phalcon.c:46714:2: warning: passing argument 2 of 'phalcon_preg_match' from incompatible pointer type [enabled by default]
/home/vagrant/cphalcon/build/64bits/phalcon.c:7781:12: note: expected 'struct zval *<em>' but argument is of type 'struct zval </em>'
/home/vagrant/cphalcon/build/64bits/phalcon.c:46714:2: error: too few arguments to function 'phalcon_preg_match'
/home/vagrant/cphalcon/build/64bits/phalcon.c:7781:12: note: declared here
/home/vagrant/cphalcon/build/64bits/phalcon.c: In function 'zim_Phalcon_Mvc_Router_handle':
/home/vagrant/cphalcon/build/64bits/phalcon.c:56455:5: warning: passing argument 2 of 'phalcon_preg_match' from incompatible pointer type [enabled by default]
/home/vagrant/cphalcon/build/64bits/phalcon.c:7781:12: note: expected 'struct zval </strong>' but argument is of type 'struct zval *'
/home/vagrant/cphalcon/build/64bits/phalcon.c:56455:5: error: too few arguments to function 'phalcon_preg_match'
/home/vagrant/cphalcon/build/64bits/phalcon.c:7781:12: note: declared here
/home/vagrant/cphalcon/build/64bits/phalcon.c:56471:4: warning: passing argument 2 of 'phalcon_preg_match' from incompatible pointer type [enabled by default]
/home/vagrant/cphalcon/build/64bits/phalcon.c:7781:12: note: expected 'struct zval <strong>' but argument is of type 'struct zval *'
/home/vagrant/cphalcon/build/64bits/phalcon.c:56471:4: error: too few arguments to function 'phalcon_preg_match'
/home/vagrant/cphalcon/build/64bits/phalcon.c:7781:12: note: declared here
/home/vagrant/cphalcon/build/64bits/phalcon.c: In function 'zim_Phalcon_Mvc_Model_Validator_Email_validate':
/home/vagrant/cphalcon/build/64bits/phalcon.c:78503:2: warning: passing argument 2 of 'phalcon_preg_match' from incompatible pointer type [enabled by default]
/home/vagrant/cphalcon/build/64bits/phalcon.c:7781:12: note: expected 'struct zval *<em>' but argument is of type 'struct zval </em>'
/home/vagrant/cphalcon/build/64bits/phalcon.c:78503:2: error: too few arguments to function 'phalcon_preg_match'
/home/vagrant/cphalcon/build/64bits/phalcon.c:7781:12: note: declared here
/home/vagrant/cphalcon/build/64bits/phalcon.c: In function 'zim_Phalcon_Mvc_Model_Validator_Regex_validate':
/home/vagrant/cphalcon/build/64bits/phalcon.c:78985:2: warning: passing argument 2 of 'phalcon_preg_match' from incompatible pointer type [enabled by default]
/home/vagrant/cphalcon/build/64bits/phalcon.c:7781:12: note: expected 'struct zval </strong>' but argument is of type 'struct zval *'
/home/vagrant/cphalcon/build/64bits/phalcon.c:78985:2: error: too few arguments to function 'phalcon_preg_match'
/home/vagrant/cphalcon/build/64bits/phalcon.c:7781:12: note: declared here
/home/vagrant/cphalcon/build/64bits/phalcon.c: In function 'zim_Phalcon_Image_Adapter_GD_check':
/home/vagrant/cphalcon/build/64bits/phalcon.c:98436:4: warning: passing argument 2 of 'phalcon_preg_match' from incompatible pointer type [enabled by default]
/home/vagrant/cphalcon/build/64bits/phalcon.c:7781:12: note: expected 'struct zval <strong>' but argument is of type 'struct zval <em>'
/home/vagrant/cphalcon/build/64bits/phalcon.c:98436:4: error: too few arguments to function 'phalcon_preg_match'
/home/vagrant/cphalcon/build/64bits/phalcon.c:7781:12: note: declared here
make: </em></strong> [phalcon.lo] Error 1
<a href="/cdn-cgi/l/email-protection" class="__cf_email__" data-cfemail="5f293e382d3e312b1f2f2d3a3c362c3a696b">[email&#160;protected]</a>:~/cphalcon/build$ </p>
<p>Can anyone help?</p>
<p>1.2.5 builds fine with no errors. </p></div>                </div>

                <div class="posts-buttons text-right"><a href="#"  class="btn btn-danger btn-xs" data-cf-modified-d64d0dab25e4f76e52f520bd-="">
        <span class="glyphicon glyphicon-thumbs-down"></span></a>
    <a href="#"  class="btn btn-success btn-xs" data-cf-modified-d64d0dab25e4f76e52f520bd-="">
        <span class="glyphicon glyphicon-thumbs-up"></span></a></div>
            </div>
        </div><div class="row"><div class="col-md-1 small" align="center"></div>
        <div class="col-md-11 login-comment">
            
        </div></div>
</div><input type="hidden" id="post-id" name="post-id" value="1460" /><div id="suggested-posts"></div>
    <div id="sticky-progress" style='display:none'></div>
</div>
    </div>