---
layout: default
title: 'error compile phalcon 1.3.2 on centos - Discussion'
---

    <div class="container">
        {% include warning.html %}


<div itemscope itemtype="http://schema.org/Question"><ol class="breadcrumb">
    <li><a href="/">Home</a></li>
    <li><a href="/category/6/installation">Installation</a></li>
</ol>
<div class="row table-title">
    <div class="col-lg-8 col-md-7 col-sm-6 col-xs-12 wrapper-author">
        <h1 class="" itemprop="name">error compile phalcon 1.3.2 on centos</h1>
        <div class="visible-xs-block mobile-author">
            <span itemprop="author" itemscope itemtype="http://schema.org/Person"><a href="/user/2126/xiaoyangchao" class="user-moderator-N"><span itemprop="name">xiaoyangchao</span></a></span>
            <time itemprop="dateCreated" datetime="2014-08-17T00:14:17-07:00">Aug '14</time>
        </div>
    </div>
    <div class="col-lg-4 col-md-5 col-sm-6 hidden-xs text-right wrapper-stats">
        <table class="table-stats" width="100%">
            <tr style="vertical-align: top;">
                <td>
                    <label>Created</label><br>
                    <time itemprop="dateCreated" datetime="2014-08-17T00:14:17-07:00">Aug '14</time>
                </td>
                <td>
                    <label>Last Reply</label><br>Aug '14</td>
                <td>
                    <label>Replies</label><br>
                    <span itemprop="answerCount">1</span>
                </td>
                <td>
                    <label>Views</label><br>750</td>
                <td>
                    <label>Votes</label><br>
                    <span itemprop="upvoteCount">0</span>
                </td>
            </tr>
        </table>
    </div>
</div>
<div class="discussion">
        <div class="row reply-block">
            <div class="col-md-1 col-sm-1 hidden-xs text-center">
                <img src="https://secure.gravatar.com/avatar/63879d7101d4ba7b63d5d244c8d9f4bf?s=48&amp;r=pg&amp;d=identicon" class="img-rounded avatar" /><br>
                <span itemprop="author" itemscope itemtype="http://schema.org/Person" class="avatar-name"><a href="/user/2126/xiaoyangchao" class="user-moderator-N"><span itemprop="name">xiaoyangchao</span></a></span>
                <span class="karma">819</span>
            </div>
            <div class="col-md-11 col-sm-11 col-xs-12 post-body"><div class="posts-date hidden-xs" align="right">
        <a name="C3152" href="#C3152">
        <time class="action-date">Aug '14</time>
    </a>
</div>
<div class="post-content"><div><p><strong>this is part of errors:</strong></p>
<blockquote>
<p>/usr/local/cphalcon/build/64bits/phalcon.c:105293: error: 'spl_ce_BadMethodCallException' undeclared (first use in this function)
/usr/local/cphalcon/build/64bits/phalcon.c:105293: warning: passing argument 1 of 'zend_throw_exception_ex' from incompatible pointer type
/usr/local/cphalcon/build/64bits/phalcon.c: In function 'zif_Phalcon_Queue_Beanstalk_disconnect':
/usr/local/cphalcon/build/64bits/phalcon.c:105422: error: 'PHP_STREAM_FLAG_NO_FCLOSE' undeclared (first use in this function)
/usr/local/cphalcon/build/64bits/phalcon.c:105422: error: invalid operands to binary &amp;
/usr/local/cphalcon/build/64bits/phalcon.c: In function 'zif_Phalcon_Queue_Beanstalk_Job<strong>_construct':
/usr/local/cphalcon/build/64bits/phalcon.c:105518: error: 'spl_ce_BadMethodCallException' undeclared (first use in this function)
/usr/local/cphalcon/build/64bits/phalcon.c:105518: warning: passing argument 1 of 'zend_throw_exception_ex' from incompatible pointer type
/usr/local/cphalcon/build/64bits/phalcon.c: In function 'phalcon_session_adapter_get_iterator':
/usr/local/cphalcon/build/64bits/phalcon.c:106036: error: 'spl_ce_ArrayIterator' undeclared (first use in this function)
/usr/local/cphalcon/build/64bits/phalcon.c:106036: warning: passing argument 2 of '_object_init_ex' from incompatible pointer type
/usr/local/cphalcon/build/64bits/phalcon.c:106042: error: 'zend_function_entry' has no member named 'get_iterator'
/usr/local/cphalcon/build/64bits/phalcon.c:106042: error: called object '&lt;erroneous-expression&gt;' is not a function
/usr/local/cphalcon/build/64bits/phalcon.c:106042: warning: assignment from incompatible pointer type
/usr/local/cphalcon/build/64bits/phalcon.c: In function 'phalcon_Phalcon_Session_Adapter_init':
/usr/local/cphalcon/build/64bits/phalcon.c:106075: warning: assignment from incompatible pointer type
/usr/local/cphalcon/build/64bits/phalcon.c:106080: error: 'spl_ce_Countable' undeclared (first use in this function)
/usr/local/cphalcon/build/64bits/phalcon.c: In function 'zif_Phalcon_Session<em>Adapter</em></strong>get':
/usr/local/cphalcon/build/64bits/phalcon.c:106227: error: 'spl_ce_BadMethodCallException' undeclared (first use in this function)
/usr/local/cphalcon/build/64bits/phalcon.c:106227: warning: passing argument 1 of 'zend_throw_exception_ex' from incompatible pointer type
/usr/local/cphalcon/build/64bits/phalcon.c: In function 'zif_Phalcon_Session_Adapter_getIterator':
/usr/local/cphalcon/build/64bits/phalcon.c:106252: error: 'spl_ce_ArrayIterator' undeclared (first use in this function)
/usr/local/cphalcon/build/64bits/phalcon.c:106252: warning: passing argument 2 of '_object_init_ex' from incompatible pointer type
/usr/local/cphalcon/build/64bits/phalcon.c: In function 'phalcon_session_bag_get_iterator':
/usr/local/cphalcon/build/64bits/phalcon.c:106369: error: 'spl_ce_ArrayIterator' undeclared (first use in this function)
/usr/local/cphalcon/build/64bits/phalcon.c:106369: warning: passing argument 2 of '_object_init_ex' from incompatible pointer type
/usr/local/cphalcon/build/64bits/phalcon.c:106375: error: 'zend_function_entry' has no member named 'get_iterator'
/usr/local/cphalcon/build/64bits/phalcon.c:106375: error: called object '&lt;erroneous-expression&gt;' is not a function
/usr/local/cphalcon/build/64bits/phalcon.c:106375: warning: assignment from incompatible pointer type
/usr/local/cphalcon/build/64bits/phalcon.c: In function 'phalcon_Phalcon_Session_Bag_init':
/usr/local/cphalcon/build/64bits/phalcon.c:106395: warning: assignment from incompatible pointer type
/usr/local/cphalcon/build/64bits/phalcon.c:106403: error: 'spl_ce_Countable' undeclared (first use in this function)
/usr/local/cphalcon/build/64bits/phalcon.c: In function 'zif_Phalcon_Session_Bag<strong>_construct':
/usr/local/cphalcon/build/64bits/phalcon.c:106413: error: 'spl_ce_BadMethodCallException' undeclared (first use in this function)
/usr/local/cphalcon/build/64bits/phalcon.c:106413: warning: passing argument 1 of 'zend_throw_exception_ex' from incompatible pointer type
/usr/local/cphalcon/build/64bits/phalcon.c: In function 'zif_Phalcon_Session_Bag_initialize':
/usr/local/cphalcon/build/64bits/phalcon.c:106457: warning: initialization discards qualifiers from pointer target type
/usr/local/cphalcon/build/64bits/phalcon.c:106461: error: 'spl_ce_LogicException' undeclared (first use in this function)
/usr/local/cphalcon/build/64bits/phalcon.c:106461: warning: passing argument 1 of 'zend_throw_exception_ex' from incompatible pointer type
/usr/local/cphalcon/build/64bits/phalcon.c:106461: warning: passing argument 1 of 'zend_throw_exception_ex' from incompatible pointer type
/usr/local/cphalcon/build/64bits/phalcon.c: In function 'zif_Phalcon_Session_Bag_getIterator':
/usr/local/cphalcon/build/64bits/phalcon.c:106647: error: 'spl_ce_ArrayIterator' undeclared (first use in this function)
/usr/local/cphalcon/build/64bits/phalcon.c:106647: warning: passing argument 2 of '_object_init_ex' from incompatible pointer type
/usr/local/cphalcon/build/64bits/phalcon.c: In function 'zif_Phalcon_Translate_Adapter_offsetExists':
/usr/local/cphalcon/build/64bits/phalcon.c:107178: error: 'spl_ce_BadMethodCallException' undeclared (first use in this function)
/usr/local/cphalcon/build/64bits/phalcon.c:107178: warning: passing argument 1 of 'zend_throw_exception_ex' from incompatible pointer type
/usr/local/cphalcon/build/64bits/phalcon.c: In function 'zif_Phalcon_Translate_Adapter_offsetGet':
/usr/local/cphalcon/build/64bits/phalcon.c:107192: error: 'spl_ce_BadMethodCallException' undeclared (first use in this function)
/usr/local/cphalcon/build/64bits/phalcon.c:107192: warning: passing argument 1 of 'zend_throw_exception_ex' from incompatible pointer type
/usr/local/cphalcon/build/64bits/phalcon.c: In function 'zif_Phalcon_Translate_Adapter_NativeArray_exists':
/usr/local/cphalcon/build/64bits/phalcon.c:107382: error: 'spl_ce_BadMethodCallException' undeclared (first use in this function)
/usr/local/cphalcon/build/64bits/phalcon.c:107382: warning: passing argument 1 of 'zend_throw_exception_ex' from incompatible pointer type
/usr/local/cphalcon/build/64bits/phalcon.c: In function 'phalcon_validation_validator_getoption_helper':
/usr/local/cphalcon/build/64bits/phalcon.c:107662: warning: initialization discards qualifiers from pointer target type
/usr/local/cphalcon/build/64bits/phalcon.c: In function 'zif_Phalcon_Validation_Validator_getOption':
/usr/local/cphalcon/build/64bits/phalcon.c:107704: error: 'spl_ce_BadMethodCallException' undeclared (first use in this function)
/usr/local/cphalcon/build/64bits/phalcon.c:107704: warning: passing argument 1 of 'zend_throw_exception_ex' from incompatible pointer type
/usr/local/cphalcon/build/64bits/phalcon.c: In function 'phalcon_validation_message_group_write_dimension':
/usr/local/cphalcon/build/64bits/phalcon.c:107943: error: 'spl_ce_BadMethodCallException' undeclared (first use in this function)
/usr/local/cphalcon/build/64bits/phalcon.c:107943: warning: passing argument 1 of 'zend_throw_exception_ex' from incompatible pointer type
/usr/local/cphalcon/build/64bits/phalcon.c:107943: warning: passing argument 1 of 'zend_throw_exception_ex' from incompatible pointer type
/usr/local/cphalcon/build/64bits/phalcon.c: In function 'phalcon_Phalcon_Validation_Message_Group_init':
/usr/local/cphalcon/build/64bits/phalcon.c:108044: warning: assignment from incompatible pointer type
/usr/local/cphalcon/build/64bits/phalcon.c:108054: error: 'spl_ce_Countable' undeclared (first use in this function)
/usr/local/cphalcon/build/64bits/phalcon.c: In function 'zif_Phalcon_Validation_Message_Group___construct':
/usr/local/cphalcon/build/64bits/phalcon.c:108072: error: 'spl_ce_BadMethodCallException' undeclared (first use in this function)
/usr/local/cphalcon/build/64bits/phalcon.c:108072: warning: passing argument 1 of 'zend_throw_exception_ex' from incompatible pointer type
/usr/local/cphalcon/build/64bits/phalcon.c: In function 'zif_Phalcon_Validation_Message_Group_offsetGet':
/usr/local/cphalcon/build/64bits/phalcon.c:108080: error: 'spl_ce_BadMethodCallException' undeclared (first use in this function)
/usr/local/cphalcon/build/64bits/phalcon.c:108080: warning: passing argument 1 of 'zend_throw_exception_ex' from incompatible pointer type
/usr/local/cphalcon/build/64bits/phalcon.c: In function 'zif_Phalcon_Validation_Message_Group_offsetSet':
/usr/local/cphalcon/build/64bits/phalcon.c:108093: error: 'spl_ce_BadMethodCallException' undeclared (first use in this function)
/usr/local/cphalcon/build/64bits/phalcon.c:108093: warning: passing argument 1 of 'zend_throw_exception_ex' from incompatible pointer type
/usr/local/cphalcon/build/64bits/phalcon.c: In function 'zif_Phalcon_Validation_Message_Group_offsetExists':
/usr/local/cphalcon/build/64bits/phalcon.c:108101: error: 'spl_ce_BadMethodCallException' undeclared (first use in this function)
/usr/local/cphalcon/build/64bits/phalcon.c:108101: warning: passing argument 1 of 'zend_throw_exception_ex' from incompatible pointer type
/usr/local/cphalcon/build/64bits/phalcon.c: In function 'zif_Phalcon_Validation_Message_Group_offsetUnset':
/usr/local/cphalcon/build/64bits/phalcon.c:108109: error: 'spl_ce_BadMethodCallException' undeclared (first use in this function)
/usr/local/cphalcon/build/64bits/phalcon.c:108109: warning: passing argument 1 of 'zend_throw_exception_ex' from incompatible pointer type
/usr/local/cphalcon/build/64bits/phalcon.c: In function 'zif_Phalcon_Validation_Message_Group_appendMessage':
/usr/local/cphalcon/build/64bits/phalcon.c:108118: error: 'spl_ce_BadMethodCallException' undeclared (first use in this function)
/usr/local/cphalcon/build/64bits/phalcon.c:108118: warning: passing argument 1 of 'zend_throw_exception_ex' from incompatible pointer type
/usr/local/cphalcon/build/64bits/phalcon.c:108118: warning: passing argument 1 of 'zend_throw_exception_ex' from incompatible pointer type
/usr/local/cphalcon/build/64bits/phalcon.c: In function 'zif_Phalcon_Validation_Message_Group_appendMessages':
/usr/local/cphalcon/build/64bits/phalcon.c:108150: error: too many arguments to function 'ce-&gt;get_iterator'
/usr/local/cphalcon/build/64bits/phalcon.c: In function 'zif_Phalcon_Validation_Message<em>Group</em></strong>set_state':
/usr/local/cphalcon/build/64bits/phalcon.c:108294: error: 'spl_ce_BadMethodCallException' undeclared (first use in this function)
/usr/local/cphalcon/build/64bits/phalcon.c:108294: warning: passing argument 1 of 'zend_throw_exception_ex' from incompatible pointer type
/usr/local/cphalcon/build/64bits/phalcon.c:108301: warning: passing argument 1 of 'zend_throw_exception_ex' from incompatible pointer type
/usr/local/cphalcon/build/64bits/phalcon.c: In function 'PHP_GINIT_FUNCTION':
/usr/local/cphalcon/build/64bits/phalcon.c:109873: error: incompatible type for argument 1 of 'php_phalcon_init_globals'
/usr/local/cphalcon/build/64bits/phalcon.c: At top level:
/usr/local/cphalcon/build/64bits/phalcon.c:109974: error: 'phalcon' undeclared here (not in a function)
/usr/local/cphalcon/build/64bits/phalcon.c:109974: error: initializer element is not constant
/usr/local/cphalcon/build/64bits/phalcon.c:109974: error: (near initialization for 'phalcon_module_entry.post_deactivate_func')
/usr/local/cphalcon/build/64bits/phalcon.c:109975: error: initializer element is not constant
/usr/local/cphalcon/build/64bits/phalcon.c:109975: error: (near initialization for 'phalcon_module_entry.globals_id')
/usr/local/cphalcon/build/64bits/phalcon.c:109976: error: initializer element is not constant
/usr/local/cphalcon/build/64bits/phalcon.c:109976: error: (near initialization for 'phalcon_module_entry.module_started')
/usr/local/cphalcon/build/64bits/phalcon.c:109977: warning: initialization makes integer from pointer without a cast
/usr/local/cphalcon/build/64bits/phalcon.c:109977: error: initializer element is not computable at load time
/usr/local/cphalcon/build/64bits/phalcon.c:109977: error: (near initialization for 'phalcon_module_entry.type')
/usr/local/cphalcon/build/64bits/phalcon.c:109978: warning: excess elements in struct initializer
/usr/local/cphalcon/build/64bits/phalcon.c:109978: warning: (near initialization for 'phalcon_module_entry')
/usr/local/cphalcon/build/64bits/phalcon.c:109978: warning: excess elements in struct initializer
/usr/local/cphalcon/build/64bits/phalcon.c:109978: warning: (near initialization for 'phalcon_module_entry')
/usr/local/cphalcon/build/64bits/phalcon.c:109979: warning: excess elements in struct initializer
/usr/local/cphalcon/build/64bits/phalcon.c:109979: warning: (near initialization for 'phalcon_module_entry')
make: *** [phalcon.lo] Error 1</p>
</blockquote>
<p>**I use php5.5.8,and now the phalcon in my os is 1.2.5. I try to upgrade old version of Phalcon  to latest version 1.3.2 :</p>
<p>git clone --depth=1 git://github.com/phalcon/cphalcon.git
cd cphalcon/build
sudo ./install</p>
<p>but  it compile failed</p>
<p>Please help,do I miss any steps?**</p></div>                </div>

                <div class="posts-buttons text-right"><a href="#"  class="btn btn-danger btn-xs" data-cf-modified-90f63b7b51c524c5bdb6764b-="">
        <span class="glyphicon glyphicon-thumbs-down"></span></a>
    <a href="#"  class="btn btn-success btn-xs" data-cf-modified-90f63b7b51c524c5bdb6764b-="">
        <span class="glyphicon glyphicon-thumbs-up"></span></a></div>
            </div>
        </div><div itemprop="suggestedAnswer" itemscope itemtype="http://schema.org/Answer" class="reply-block row">
    <div class="col-md-1 small" align="center">
        <img src="https://secure.gravatar.com/avatar/e008d7c8aa0c868f618211c399d1e927?s=48&amp;r=pg&amp;d=identicon" class="img-rounded" />        <br>

        <span itemprop="author" itemscope itemtype="http://schema.org/Person">
            <a href="/user/2111/praswicaksono" class="user-moderator-N"><span itemprop="name">Prasetyo</span></a>        </span>
        <br>

        <span class="karma">7.9k</span></div>
    <div class="col-md-11"><div class="posts-buttons" align="right"><a name="C10749" href="#C10749">
                <time itemprop="dateCreated" datetime="2014-08-27T09:56:26-07:00" class="action-date">Aug '14</time>
            </a>
        </div>
        <div class="post-content"><div itemprop="text"><p>have you satisfied phalcon requirement?</p>
<blockquote>
<p>sudo yum install php-devel pcre-devel gcc make</p>
</blockquote></div></div>
        <div class="posts-buttons" align="right"><a href="#"  class="btn btn-danger btn-xs vote-login" data-id="10749" data-cf-modified-90f63b7b51c524c5bdb6764b-="">
                    <span class="glyphicon glyphicon-thumbs-down"></span></a>
                <a href="#"  class="btn btn-success btn-xs vote-login" data-id="10749" data-cf-modified-90f63b7b51c524c5bdb6764b-="">
                    <span class="glyphicon glyphicon-thumbs-up"></span></a></div>
    </div>
</div>
<div class="row"><div class="col-md-1 small" align="center"></div>
        <div class="col-md-11 login-comment">
            
        </div></div>
</div><input type="hidden" id="post-id" name="post-id" value="3152" /><div id="suggested-posts"></div>
    <div id="sticky-progress" style='display:none'></div>
</div>
    </div>